<?xml version="1.0" encoding="UTF-8"?>
<testsuite name="com.majorityof1.www.geometry.hierarchy.shape3d.ThreeDGeomTest" tests="4" skipped="0" failures="0" errors="0" timestamp="2018-08-15T23:30:41" hostname="Lenovo-PC" time="0.016">
  <properties/>
  <testcase name="cubevolumeTest()" classname="com.majorityof1.www.geometry.hierarchy.shape3d.ThreeDGeomTest" time="0.012"/>
  <testcase name="cubeSurfAreaTest()" classname="com.majorityof1.www.geometry.hierarchy.shape3d.ThreeDGeomTest" time="0.001"/>
  <testcase name="rectPrismVolumeTest()" classname="com.majorityof1.www.geometry.hierarchy.shape3d.ThreeDGeomTest" time="0.0"/>
  <testcase name="rectPrismSurfAreaTest()" classname="com.majorityof1.www.geometry.hierarchy.shape3d.ThreeDGeomTest" time="0.0"/>
  <system-out><![CDATA[]]></system-out>
  <system-err><![CDATA[]]></system-err>
</testsuite>
